<?xml version="1.0" encoding="utf-8"?><testsuites><testsuite name="pytest" errors="0" failures="0" skipped="0" tests="4" time="1.225" timestamp="2024-05-28T23:22:38.859502" hostname="yasser-PC"><testcase classname="tests.unit.test_item_view" name="test_save_items" time="0.004" /><testcase classname="tests.unit.test_item_view" name="test_get_data" time="0.004" /><testcase classname="tests.unit.test_item_view" name="test_unique_variables" time="0.005" /><testcase classname="tests.unit.test_item_view" name="test_count_by_product" time="0.004" /></testsuite></testsuites>